<?xml version="1.0" encoding="UTF-8"?>
<!-- Generated by org.testng.reporters.JUnitXMLReporter -->
<testsuite ignored="0" hostname="LAPTOP-OITAHU7F" failures="0" tests="3" name="Default test" time="81.275" errors="0" timestamp="2022-11-03T09:30:38 IST">
  <testcase classname="testCases.RegisterTest" name="registerNewUserWithAllDetails" time="17.586"/>
  <testcase classname="testCases.RegisterTest" name="registerNewUserWithAllDetails" time="18.376"/>
  <testcase classname="testCases.RegisterTest" name="registerNewUserWithAllDetails" time="18.645"/>
</testsuite> <!-- Default test -->
