<?xml version="1.0" encoding="UTF-8"?>
<testng-results ignored="0" total="3" passed="3" failed="0" skipped="0">
  <reporter-output>
  </reporter-output>
  <suite started-at="2022-11-03T09:29:16 IST" name="Default suite" finished-at="2022-11-03T09:30:38 IST" duration-ms="81275">
    <groups>
    </groups>
    <test started-at="2022-11-03T09:29:16 IST" name="Default test" finished-at="2022-11-03T09:30:38 IST" duration-ms="81275">
      <class name="testCases.RegisterTest">
        <test-method is-config="true" signature="setUp()[pri:0, instance:testCases.RegisterTest@15aab8c6]" started-at="2022-11-03T09:29:17 IST" name="setUp" finished-at="2022-11-03T09:29:25 IST" duration-ms="7977" status="PASS">
          <reporter-output>
          </reporter-output>
        </test-method> <!-- setUp -->
        <test-method signature="registerNewUserWithAllDetails(java.lang.String,java.lang.String,java.lang.String,java.lang.String,java.lang.String,java.lang.String)[pri:0, instance:testCases.RegisterTest@15aab8c6]" started-at="2022-11-03T09:29:25 IST" name="registerNewUserWithAllDetails" data-provider="getTestData" finished-at="2022-11-03T09:29:43 IST" duration-ms="17586" status="PASS">
          <params>
            <param index="0">
              <value>
                <![CDATA[tom]]>
              </value>
            </param>
            <param index="1">
              <value>
                <![CDATA[peter]]>
              </value>
            </param>
            <param index="2">
              <value>
                <![CDATA[tomp@abc.com]]>
              </value>
            </param>
            <param index="3">
              <value>
                <![CDATA[2.32323232E8]]>
              </value>
            </param>
            <param index="4">
              <value>
                <![CDATA[Test@123]]>
              </value>
            </param>
            <param index="5">
              <value>
                <![CDATA[Yes]]>
              </value>
            </param>
          </params>
          <reporter-output>
          </reporter-output>
        </test-method> <!-- registerNewUserWithAllDetails -->
        <test-method is-config="true" signature="tearDown()[pri:0, instance:testCases.RegisterTest@15aab8c6]" started-at="2022-11-03T09:29:43 IST" name="tearDown" finished-at="2022-11-03T09:29:43 IST" duration-ms="180" status="PASS">
          <reporter-output>
          </reporter-output>
        </test-method> <!-- tearDown -->
        <test-method is-config="true" signature="setUp()[pri:0, instance:testCases.RegisterTest@15aab8c6]" started-at="2022-11-03T09:29:43 IST" name="setUp" finished-at="2022-11-03T09:29:54 IST" duration-ms="11540" status="PASS">
          <reporter-output>
          </reporter-output>
        </test-method> <!-- setUp -->
        <test-method signature="registerNewUserWithAllDetails(java.lang.String,java.lang.String,java.lang.String,java.lang.String,java.lang.String,java.lang.String)[pri:0, instance:testCases.RegisterTest@15aab8c6]" started-at="2022-11-03T09:29:54 IST" name="registerNewUserWithAllDetails" data-provider="getTestData" finished-at="2022-11-03T09:30:13 IST" duration-ms="18376" status="PASS">
          <params>
            <param index="0">
              <value>
                <![CDATA[Phil]]>
              </value>
            </param>
            <param index="1">
              <value>
                <![CDATA[Tom]]>
              </value>
            </param>
            <param index="2">
              <value>
                <![CDATA[phillt@abc.com]]>
              </value>
            </param>
            <param index="3">
              <value>
                <![CDATA[1.23456789E9]]>
              </value>
            </param>
            <param index="4">
              <value>
                <![CDATA[Test@123]]>
              </value>
            </param>
            <param index="5">
              <value>
                <![CDATA[Yes]]>
              </value>
            </param>
          </params>
          <reporter-output>
          </reporter-output>
        </test-method> <!-- registerNewUserWithAllDetails -->
        <test-method is-config="true" signature="tearDown()[pri:0, instance:testCases.RegisterTest@15aab8c6]" started-at="2022-11-03T09:30:13 IST" name="tearDown" finished-at="2022-11-03T09:30:13 IST" duration-ms="155" status="PASS">
          <reporter-output>
          </reporter-output>
        </test-method> <!-- tearDown -->
        <test-method is-config="true" signature="setUp()[pri:0, instance:testCases.RegisterTest@15aab8c6]" started-at="2022-11-03T09:30:13 IST" name="setUp" finished-at="2022-11-03T09:30:19 IST" duration-ms="6033" status="PASS">
          <reporter-output>
          </reporter-output>
        </test-method> <!-- setUp -->
        <test-method signature="registerNewUserWithAllDetails(java.lang.String,java.lang.String,java.lang.String,java.lang.String,java.lang.String,java.lang.String)[pri:0, instance:testCases.RegisterTest@15aab8c6]" started-at="2022-11-03T09:30:19 IST" name="registerNewUserWithAllDetails" data-provider="getTestData" finished-at="2022-11-03T09:30:38 IST" duration-ms="18645" status="PASS">
          <params>
            <param index="0">
              <value>
                <![CDATA[Sinija]]>
              </value>
            </param>
            <param index="1">
              <value>
                <![CDATA[st]]>
              </value>
            </param>
            <param index="2">
              <value>
                <![CDATA[sinijast@abc.conm]]>
              </value>
            </param>
            <param index="3">
              <value>
                <![CDATA[1.234565432E9]]>
              </value>
            </param>
            <param index="4">
              <value>
                <![CDATA[Test@123]]>
              </value>
            </param>
            <param index="5">
              <value>
                <![CDATA[Yes]]>
              </value>
            </param>
          </params>
          <reporter-output>
          </reporter-output>
        </test-method> <!-- registerNewUserWithAllDetails -->
        <test-method is-config="true" signature="tearDown()[pri:0, instance:testCases.RegisterTest@15aab8c6]" started-at="2022-11-03T09:30:38 IST" name="tearDown" finished-at="2022-11-03T09:30:38 IST" duration-ms="183" status="PASS">
          <reporter-output>
          </reporter-output>
        </test-method> <!-- tearDown -->
      </class> <!-- testCases.RegisterTest -->
    </test> <!-- Default test -->
  </suite> <!-- Default suite -->
</testng-results>
